<?xml version="1.0" encoding="UTF-8"?>
<!-- Generated by org.testng.reporters.JUnitReportReporter -->
<testsuite hostname="Srikanth" failures="0" tests="2" name="TestNG.EnabledFlagPractice" time="0.015" errors="0" timestamp="2024-09-27T16:30:23 IST" skipped="1">
  <testcase classname="TestNG.EnabledFlagPractice" name="demo3" time="0.015"/>
  <system-out>
    <![CDATA[demo3]]>
  </system-out>
  <testcase classname="TestNG.EnabledFlagPractice" name="demo1">
    <skipped/>
  </testcase> <!-- demo1 -->
  <system-out/>
</testsuite> <!-- TestNG.EnabledFlagPractice -->
