<?xml version="1.0" encoding="UTF-8"?>
<!-- Generated by org.testng.reporters.JUnitReportReporter -->
<testsuite hostname="Srikanth" failures="0" tests="1" name="TestNG.SampleTest" time="0.008" errors="0" timestamp="2024-09-27T15:40:53 IST" skipped="0">
  <testcase classname="TestNG.SampleTest" name="demo" time="0.008"/>
  <system-out>
    <![CDATA[Hello World!]]>
  </system-out>
</testsuite> <!-- TestNG.SampleTest -->
