<?xml version="1.0" encoding="UTF-8"?>
<!-- Generated by org.testng.reporters.JUnitReportReporter -->
<testsuite hostname="Srikanth" failures="0" tests="5" name="TestNG.PriorityFlagPractice" time="0.013" errors="0" timestamp="2024-09-27T16:03:22 IST" skipped="0">
  <testcase classname="TestNG.PriorityFlagPractice" name="demo3" time="0.008"/>
  <system-out>
    <![CDATA[demo3]]>
  </system-out>
  <testcase classname="TestNG.PriorityFlagPractice" name="demo2" time="0.002"/>
  <system-out>
    <![CDATA[demo2]]>
  </system-out>
  <testcase classname="TestNG.PriorityFlagPractice" name="demo5" time="0.002"/>
  <system-out>
    <![CDATA[demo5]]>
  </system-out>
  <testcase classname="TestNG.PriorityFlagPractice" name="demo1" time="0.000"/>
  <system-out>
    <![CDATA[demo1]]>
  </system-out>
  <testcase classname="TestNG.PriorityFlagPractice" name="demo4" time="0.001"/>
  <system-out>
    <![CDATA[demo4]]>
  </system-out>
</testsuite> <!-- TestNG.PriorityFlagPractice -->
