<?xml version="1.0" encoding="UTF-8"?>
<!-- Generated by org.testng.reporters.JUnitReportReporter -->
<testsuite hostname="Srikanth" failures="0" tests="5" name="TestNG.InvocationCount" time="0.021" errors="0" timestamp="2024-09-27T16:22:36 IST" skipped="0">
  <testcase classname="TestNG.InvocationCount" name="demo1" time="0.014"/>
  <system-out>
    <![CDATA[demo1]]>
  </system-out>
  <testcase classname="TestNG.InvocationCount" name="demo3" time="0.001"/>
  <system-out>
    <![CDATA[demo3]]>
  </system-out>
  <testcase classname="TestNG.InvocationCount" name="demo1" time="0.003"/>
  <system-out>
    <![CDATA[demo1]]>
  </system-out>
  <testcase classname="TestNG.InvocationCount" name="demo3" time="0.001"/>
  <system-out>
    <![CDATA[demo3]]>
  </system-out>
  <testcase classname="TestNG.InvocationCount" name="demo1" time="0.002"/>
  <system-out>
    <![CDATA[demo1]]>
  </system-out>
</testsuite> <!-- TestNG.InvocationCount -->
