<?xml version="1.0" encoding="UTF-8"?>
<!-- Generated by org.testng.reporters.JUnitReportReporter -->
<testsuite hostname="Srikanth" failures="0" tests="5" name="TestNG.PriorityInocationCountEnabled" time="0.017" errors="0" timestamp="2024-09-27T16:39:12 IST" skipped="1">
  <testcase classname="TestNG.PriorityInocationCountEnabled" name="demo4" time="0.012"/>
  <system-out>
    <![CDATA[demo4]]>
  </system-out>
  <testcase classname="TestNG.PriorityInocationCountEnabled" name="demo3" time="0.002"/>
  <system-out>
    <![CDATA[demo3]]>
  </system-out>
  <testcase classname="TestNG.PriorityInocationCountEnabled" name="demo3" time="0.002"/>
  <system-out>
    <![CDATA[demo3]]>
  </system-out>
  <testcase classname="TestNG.PriorityInocationCountEnabled" name="demo3" time="0.001"/>
  <system-out>
    <![CDATA[demo3]]>
  </system-out>
  <testcase classname="TestNG.PriorityInocationCountEnabled" name="demo2">
    <skipped/>
  </testcase> <!-- demo2 -->
  <system-out/>
</testsuite> <!-- TestNG.PriorityInocationCountEnabled -->
